<?xml version="1.0" encoding="UTF-8"?>
<testsuite name="ca.uvic.seng330.ex2.AppTest" tests="1" skipped="0" failures="0" errors="0" timestamp="2020-09-24T16:04:01" hostname="DESKTOP-BSHO4RM" time="0.045">
  <properties/>
  <testcase name="appHasAGreeting()" classname="ca.uvic.seng330.ex2.AppTest" time="0.045"/>
  <system-out><![CDATA[]]></system-out>
  <system-err><![CDATA[]]></system-err>
</testsuite>
